Using pre-set license
Built from '2020.2/release' branch; Version is '2020.2.1f1 (270dd8c3da1c) revision 2559448'; Using compiler version '192528614'; Build Type 'Release'
OS: 'Windows 10  (10.0.0) 64bit' Language: 'en' Physical Memory: 24435 MB
BatchMode: 1, IsHumanControllingUs: 0, StartBugReporterOnCrash: 0, Is64bit: 1, IsPro: 0

 COMMAND LINE ARGUMENTS:
D:\Unity Installs\2020.2.1f1\Editor\Unity.exe
-adb2
-batchMode
-noUpm
-name
AssetImportWorker0
-projectPath
D:/Documents/Projects/CISC 3667 Labs/Lab 1
-logFile
Logs/AssetImportWorker0.log
-srvPort
55590
Successfully changed project path to: D:/Documents/Projects/CISC 3667 Labs/Lab 1
D:/Documents/Projects/CISC 3667 Labs/Lab 1
Using Asset Import Pipeline V2.
Refreshing native plugins compatible for Editor in 71.13 ms, found 1 plugins.
Preloading 0 native plugins for Editor in 0.00 ms.
Initialize engine version: 2020.2.1f1 (270dd8c3da1c)
[Subsystems] Discovering subsystems at path D:/Unity Installs/2020.2.1f1/Editor/Data/Resources/UnitySubsystems
[Subsystems] Discovering subsystems at path D:/Documents/Projects/CISC 3667 Labs/Lab 1/Assets
GfxDevice: creating device client; threaded=0
Direct3D:
    Version:  Direct3D 11.0 [level 11.1]
    Renderer: NVIDIA GeForce GTX 1050 Ti (ID=0x1c8c)
    Vendor:   
    VRAM:     4019 MB
    Driver:   27.21.14.6192
Shader 'Universal Render Pipeline/Particles/Lit': fallback shader 'Universal Render Pipeline/Particles/SimpleLit' not found
Initialize mono
Mono path[0] = 'D:/Unity Installs/2020.2.1f1/Editor/Data/Managed'
Mono path[1] = 'D:/Unity Installs/2020.2.1f1/Editor/Data/MonoBleedingEdge/lib/mono/unityjit'
Mono config path = 'D:/Unity Installs/2020.2.1f1/Editor/Data/MonoBleedingEdge/etc'
Using monoOptions --debugger-agent=transport=dt_socket,embedding=1,server=y,suspend=n,address=127.0.0.1:56488
Begin MonoManager ReloadAssembly
Registering precompiled unity dll's ...
Register platform support module: D:/Unity Installs/2020.2.1f1/Editor/Data/PlaybackEngines/WebGLSupport/UnityEditor.WebGL.Extensions.dll
Register platform support module: D:/Unity Installs/2020.2.1f1/Editor/Data/PlaybackEngines/WindowsStandaloneSupport/UnityEditor.WindowsStandalone.Extensions.dll
Registered in 0.001636 seconds.
Native extension for WindowsStandalone target not found
Native extension for WebGL target not found
Refreshing native plugins compatible for Editor in 77.13 ms, found 1 plugins.
Preloading 0 native plugins for Editor in 0.00 ms.
Invoked RoslynAnalysisRunner static constructor.
RoslynAnalysisRunner will not be running.
RoslynAnalysisRunner has terminated.
Mono: successfully reloaded assembly
- Completed reload, in  1.637 seconds
Platform modules already initialized, skipping
Registering precompiled user dll's ...
Registered in 0.001880 seconds.
Begin MonoManager ReloadAssembly
Native extension for WindowsStandalone target not found
Native extension for WebGL target not found
Refreshing native plugins compatible for Editor in 78.54 ms, found 1 plugins.
Preloading 0 native plugins for Editor in 0.00 ms.
Invoked RoslynAnalysisRunner static constructor.
RoslynAnalysisRunner will not be running.
RoslynAnalysisRunner has terminated.
Mono: successfully reloaded assembly
- Completed reload, in  1.436 seconds
Platform modules already initialized, skipping
========================================================================
Worker process is ready to serve import requests
Shader 'Universal Render Pipeline/Particles/Lit': fallback shader 'Universal Render Pipeline/Particles/SimpleLit' not found
Launched and connected shader compiler UnityShaderCompiler.exe after 0.08 seconds
Refreshing native plugins compatible for Editor in 0.76 ms, found 1 plugins.
Preloading 0 native plugins for Editor in 0.00 ms.
Unloading 3535 Unused Serialized files (Serialized files now loaded: 0)
System memory in use before: 228.5 MB.
System memory in use after: 228.6 MB.

Unloading 28 unused Assets to reduce memory usage. Loaded Objects now: 3985.
Total: 3.846700 ms (FindLiveObjects: 0.405000 ms CreateObjectMapping: 0.259300 ms MarkObjects: 3.021400 ms  DeleteObjects: 0.159400 ms)

========================================================================
Received Import Request.
  path: Assets/Prefabs/Bullet_MG.prefab
  artifactKey: Guid(5b29093d3e3ad8c4eaef88f28e937582) Importer(815301076,1909f56bfc062723c751e8b465ee728b)
Start importing Assets/Prefabs/Bullet_MG.prefab using Guid(5b29093d3e3ad8c4eaef88f28e937582) Importer(815301076,1909f56bfc062723c751e8b465ee728b)  -> (artifact id: '5f801d974df5ce5a41010e33f2a6047e') in 0.322802 seconds
  Import took 0.329348 seconds .

========================================================================
Received Import Request.
  Time since last request: 1.629173 seconds.
  path: Assets/Prefabs/Bullet_MG.prefab
  artifactKey: Guid(5b29093d3e3ad8c4eaef88f28e937582) Importer(815301076,1909f56bfc062723c751e8b465ee728b)
Start importing Assets/Prefabs/Bullet_MG.prefab using Guid(5b29093d3e3ad8c4eaef88f28e937582) Importer(815301076,1909f56bfc062723c751e8b465ee728b)  -> (artifact id: '9c17eef0f9ccbc2bf85f44222a9ebeb8') in 0.015191 seconds
  Import took 0.205731 seconds .

========================================================================
Received Prepare
Registering precompiled user dll's ...
Registered in 0.001665 seconds.
Begin MonoManager ReloadAssembly
Native extension for WindowsStandalone target not found
Native extension for WebGL target not found
Refreshing native plugins compatible for Editor in 1.00 ms, found 1 plugins.
Preloading 0 native plugins for Editor in 0.00 ms.
Invoked RoslynAnalysisRunner static constructor.
RoslynAnalysisRunner will not be running.
RoslynAnalysisRunner has terminated.
Mono: successfully reloaded assembly
- Completed reload, in  1.341 seconds
Platform modules already initialized, skipping
Shader 'Universal Render Pipeline/Particles/Lit': fallback shader 'Universal Render Pipeline/Particles/SimpleLit' not found
Refreshing native plugins compatible for Editor in 0.67 ms, found 1 plugins.
Preloading 0 native plugins for Editor in 0.00 ms.
Unloading 3392 Unused Serialized files (Serialized files now loaded: 0)
System memory in use before: 226.2 MB.
System memory in use after: 226.4 MB.

Unloading 14 unused Assets to reduce memory usage. Loaded Objects now: 4033.
Total: 3.229200 ms (FindLiveObjects: 0.355500 ms CreateObjectMapping: 0.238400 ms MarkObjects: 2.514400 ms  DeleteObjects: 0.119400 ms)

========================================================================
Received Prepare
Registering precompiled user dll's ...
Registered in 0.002864 seconds.
Begin MonoManager ReloadAssembly
Native extension for WindowsStandalone target not found
Native extension for WebGL target not found
Refreshing native plugins compatible for Editor in 1.26 ms, found 1 plugins.
Preloading 0 native plugins for Editor in 0.00 ms.
Invoked RoslynAnalysisRunner static constructor.
RoslynAnalysisRunner will not be running.
RoslynAnalysisRunner has terminated.
Mono: successfully reloaded assembly
- Completed reload, in  2.704 seconds
Platform modules already initialized, skipping
Shader 'Universal Render Pipeline/Particles/Lit': fallback shader 'Universal Render Pipeline/Particles/SimpleLit' not found
Refreshing native plugins compatible for Editor in 3.52 ms, found 1 plugins.
Preloading 0 native plugins for Editor in 0.00 ms.
Unloading 3392 Unused Serialized files (Serialized files now loaded: 0)
System memory in use before: 226.3 MB.
System memory in use after: 226.4 MB.

Unloading 14 unused Assets to reduce memory usage. Loaded Objects now: 4036.
Total: 12.072400 ms (FindLiveObjects: 1.028900 ms CreateObjectMapping: 1.052100 ms MarkObjects: 9.615400 ms  DeleteObjects: 0.371200 ms)

========================================================================
Received Import Request.
  Time since last request: 559.770775 seconds.
  path: Assets/Prefabs/Effects/Debris.mat
  artifactKey: Guid(03d9cebc0389a2f4fab52ad0df02caf8) Importer(815301076,1909f56bfc062723c751e8b465ee728b)
Start importing Assets/Prefabs/Effects/Debris.mat using Guid(03d9cebc0389a2f4fab52ad0df02caf8) Importer(815301076,1909f56bfc062723c751e8b465ee728b)  -> (artifact id: 'fdb5dc912fd461e6d38e0ea0018aeda6') in 1.134591 seconds
  Import took 1.213192 seconds .

========================================================================
Received Import Request.
  Time since last request: 3.709994 seconds.
  path: Assets/Prefabs/HitImpact.prefab
  artifactKey: Guid(fe82604f81d8c7141b38bc89208d6a05) Importer(815301076,1909f56bfc062723c751e8b465ee728b)
Start importing Assets/Prefabs/HitImpact.prefab using Guid(fe82604f81d8c7141b38bc89208d6a05) Importer(815301076,1909f56bfc062723c751e8b465ee728b)  -> (artifact id: '45d29f9437efd227d01ca99f6f007dbb') in 0.082796 seconds
  Import took 0.117191 seconds .

========================================================================
Received Import Request.
  Time since last request: 0.108697 seconds.
  path: Assets/Prefabs/HitImpact.prefab
  artifactKey: Guid(fe82604f81d8c7141b38bc89208d6a05) Importer(815301076,1909f56bfc062723c751e8b465ee728b)
Start importing Assets/Prefabs/HitImpact.prefab using Guid(fe82604f81d8c7141b38bc89208d6a05) Importer(815301076,1909f56bfc062723c751e8b465ee728b)  -> (artifact id: '45d29f9437efd227d01ca99f6f007dbb') in 0.017196 seconds
  Import took 0.047683 seconds .

========================================================================
Received Prepare
Registering precompiled user dll's ...
Registered in 0.002678 seconds.
Begin MonoManager ReloadAssembly
Native extension for WindowsStandalone target not found
Native extension for WebGL target not found
Refreshing native plugins compatible for Editor in 0.65 ms, found 1 plugins.
Preloading 0 native plugins for Editor in 0.00 ms.
Invoked RoslynAnalysisRunner static constructor.
RoslynAnalysisRunner will not be running.
RoslynAnalysisRunner has terminated.
Mono: successfully reloaded assembly
- Completed reload, in  1.237 seconds
Platform modules already initialized, skipping
Shader 'Universal Render Pipeline/Particles/Lit': fallback shader 'Universal Render Pipeline/Particles/SimpleLit' not found
Refreshing native plugins compatible for Editor in 0.67 ms, found 1 plugins.
Preloading 0 native plugins for Editor in 0.00 ms.
Unloading 3392 Unused Serialized files (Serialized files now loaded: 0)
System memory in use before: 226.7 MB.
System memory in use after: 226.8 MB.

Unloading 14 unused Assets to reduce memory usage. Loaded Objects now: 4108.
Total: 6.921800 ms (FindLiveObjects: 0.606500 ms CreateObjectMapping: 0.349900 ms MarkObjects: 5.818700 ms  DeleteObjects: 0.144300 ms)

========================================================================
Received Import Request.
  Time since last request: 6070.785469 seconds.
  path: Assets/Scripts/Utility
  artifactKey: Guid(20254d3e68b1c0b4aab3400a207e2bbc) Importer(815301076,1909f56bfc062723c751e8b465ee728b)
Start importing Assets/Scripts/Utility using Guid(20254d3e68b1c0b4aab3400a207e2bbc) Importer(815301076,1909f56bfc062723c751e8b465ee728b)  -> (artifact id: '269ab618ddd12b1480b684c16a8a6c56') in 0.028217 seconds
  Import took 0.037219 seconds .

========================================================================
Received Import Request.
  Time since last request: 0.002232 seconds.
  path: Assets/Scripts/Utility
  artifactKey: Guid(20254d3e68b1c0b4aab3400a207e2bbc) Importer(815301076,1909f56bfc062723c751e8b465ee728b)
Start importing Assets/Scripts/Utility using Guid(20254d3e68b1c0b4aab3400a207e2bbc) Importer(815301076,1909f56bfc062723c751e8b465ee728b)  -> (artifact id: '269ab618ddd12b1480b684c16a8a6c56') in 0.002787 seconds
  Import took 0.012200 seconds .

========================================================================
Received Import Request.
  Time since last request: 1.819662 seconds.
  path: Assets/Scripts/Utility/Editor
  artifactKey: Guid(571cea39f45c9374bbac03e1d2f9fe73) Importer(815301076,1909f56bfc062723c751e8b465ee728b)
Start importing Assets/Scripts/Utility/Editor using Guid(571cea39f45c9374bbac03e1d2f9fe73) Importer(815301076,1909f56bfc062723c751e8b465ee728b)  -> (artifact id: 'bad1065c3deb0186b9d5e353bd970398') in 0.011740 seconds
  Import took 0.018498 seconds .

========================================================================
Received Import Request.
  Time since last request: 1.112757 seconds.
  path: Assets/Scripts/Utility/Editor/PoissonEditor.cs
  artifactKey: Guid(0f29e21eb9694cd4da5db2080896cb68) Importer(815301076,1909f56bfc062723c751e8b465ee728b)
Start importing Assets/Scripts/Utility/Editor/PoissonEditor.cs using Guid(0f29e21eb9694cd4da5db2080896cb68) Importer(815301076,1909f56bfc062723c751e8b465ee728b)  -> (artifact id: 'a2cf7f7121635783e755f5bd422221f7') in 0.015486 seconds
  Import took 0.248648 seconds .

========================================================================
Received Import Request.
  Time since last request: 8.905224 seconds.
  path: Assets/Scripts/Utility/PoissonDiscSampling.cs
  artifactKey: Guid(822cec131cca7c84bac74861dd6e8346) Importer(815301076,1909f56bfc062723c751e8b465ee728b)
Start importing Assets/Scripts/Utility/PoissonDiscSampling.cs using Guid(822cec131cca7c84bac74861dd6e8346) Importer(815301076,1909f56bfc062723c751e8b465ee728b)  -> (artifact id: 'a6b2430412f71675c5778a4ba0567a09') in 0.009342 seconds
  Import took 0.017010 seconds .

========================================================================
Received Import Request.
  Time since last request: 1.216496 seconds.
  path: Assets/Scripts/Utility/IPooledObject.cs
  artifactKey: Guid(e055d8511061d1f45880af2dd97447d0) Importer(815301076,1909f56bfc062723c751e8b465ee728b)
Start importing Assets/Scripts/Utility/IPooledObject.cs using Guid(e055d8511061d1f45880af2dd97447d0) Importer(815301076,1909f56bfc062723c751e8b465ee728b)  -> (artifact id: '9721632f2da3121512c294113ab657b9') in 0.010222 seconds
  Import took 0.019674 seconds .

========================================================================
Received Prepare
Registering precompiled user dll's ...
Registered in 0.006412 seconds.
Begin MonoManager ReloadAssembly
Native extension for WindowsStandalone target not found
Native extension for WebGL target not found
Refreshing native plugins compatible for Editor in 2.56 ms, found 1 plugins.
Preloading 0 native plugins for Editor in 0.00 ms.
Invoked RoslynAnalysisRunner static constructor.
RoslynAnalysisRunner will not be running.
RoslynAnalysisRunner has terminated.
Mono: successfully reloaded assembly
- Completed reload, in  6.530 seconds
Platform modules already initialized, skipping
Shader 'Universal Render Pipeline/Particles/Lit': fallback shader 'Universal Render Pipeline/Particles/SimpleLit' not found
Refreshing native plugins compatible for Editor in 1.57 ms, found 1 plugins.
Preloading 0 native plugins for Editor in 0.00 ms.
Unloading 3532 Unused Serialized files (Serialized files now loaded: 0)
System memory in use before: 234.3 MB.
System memory in use after: 234.4 MB.

Unloading 15 unused Assets to reduce memory usage. Loaded Objects now: 4251.
Total: 10.917100 ms (FindLiveObjects: 1.785200 ms CreateObjectMapping: 1.253000 ms MarkObjects: 7.434500 ms  DeleteObjects: 0.439300 ms)

========================================================================
Received Import Request.
  Time since last request: 58.928670 seconds.
  path: Assets/Scripts/Utility/GridManager.cs
  artifactKey: Guid(30c508cc5e07aa043a9fe3a640cfd6c1) Importer(815301076,1909f56bfc062723c751e8b465ee728b)
Start importing Assets/Scripts/Utility/GridManager.cs using Guid(30c508cc5e07aa043a9fe3a640cfd6c1) Importer(815301076,1909f56bfc062723c751e8b465ee728b)  -> (artifact id: '95608303cc665db24f65614c7d81d71b') in 0.014235 seconds
  Import took 0.021387 seconds .

========================================================================
Received Import Request.
  Time since last request: 0.010484 seconds.
  path: Assets/Scripts/Utility/GridManager.cs
  artifactKey: Guid(30c508cc5e07aa043a9fe3a640cfd6c1) Importer(815301076,1909f56bfc062723c751e8b465ee728b)
Start importing Assets/Scripts/Utility/GridManager.cs using Guid(30c508cc5e07aa043a9fe3a640cfd6c1) Importer(815301076,1909f56bfc062723c751e8b465ee728b)  -> (artifact id: '95608303cc665db24f65614c7d81d71b') in 0.003322 seconds
  Import took 0.013470 seconds .

========================================================================
Received Import Request.
  Time since last request: 9991.638496 seconds.
  path: Assets/Scripts/PlaneController.cs
  artifactKey: Guid(c9f32814215f5ec4abe86fbafb3da2fc) Importer(815301076,1909f56bfc062723c751e8b465ee728b)
Start importing Assets/Scripts/PlaneController.cs using Guid(c9f32814215f5ec4abe86fbafb3da2fc) Importer(815301076,1909f56bfc062723c751e8b465ee728b)  -> (artifact id: 'be2bb8690e6aa3214a24903176c6c70f') in 0.010635 seconds
  Import took 0.119568 seconds .

========================================================================
Received Prepare
Registering precompiled user dll's ...
Registered in 0.002311 seconds.
Begin MonoManager ReloadAssembly
Native extension for WindowsStandalone target not found
Native extension for WebGL target not found
Refreshing native plugins compatible for Editor in 0.67 ms, found 1 plugins.
Preloading 0 native plugins for Editor in 0.00 ms.
Invoked RoslynAnalysisRunner static constructor.
RoslynAnalysisRunner will not be running.
RoslynAnalysisRunner has terminated.
Mono: successfully reloaded assembly
- Completed reload, in  1.474 seconds
Platform modules already initialized, skipping
Shader 'Universal Render Pipeline/Particles/Lit': fallback shader 'Universal Render Pipeline/Particles/SimpleLit' not found
Refreshing native plugins compatible for Editor in 0.64 ms, found 1 plugins.
Preloading 0 native plugins for Editor in 0.00 ms.
Unloading 3532 Unused Serialized files (Serialized files now loaded: 0)
System memory in use before: 234.3 MB.
System memory in use after: 234.4 MB.

Unloading 15 unused Assets to reduce memory usage. Loaded Objects now: 4255.
Total: 4.131700 ms (FindLiveObjects: 0.377000 ms CreateObjectMapping: 0.167200 ms MarkObjects: 3.412300 ms  DeleteObjects: 0.174000 ms)

========================================================================
Received Import Request.
  Time since last request: 128.038462 seconds.
  path: Assets/Scripts/PlaneController.cs
  artifactKey: Guid(c9f32814215f5ec4abe86fbafb3da2fc) Importer(815301076,1909f56bfc062723c751e8b465ee728b)
Start importing Assets/Scripts/PlaneController.cs using Guid(c9f32814215f5ec4abe86fbafb3da2fc) Importer(815301076,1909f56bfc062723c751e8b465ee728b)  -> (artifact id: 'bc43896fd7b5a9f81fea28a70496273c') in 0.007452 seconds
  Import took 0.013631 seconds .

AssetImportWorkerClient::OnTransportError - code=2 error=End of file
